<?xml version="1.0" encoding="utf-8"?><testsuites name="pytest tests"><testsuite name="pytest" errors="0" failures="0" skipped="0" tests="513" time="16.703" timestamp="2026-09-06T02:31:01.368259+00:00" hostname="localhost"><testcase classname="tests.test_core" name="test_display_is_safe[abc]" time="0.019" /><testcase classname="tests.test_core" name="test_display_is_safe[a\t\u754ce\u0301]" time="0.001" /><testcase classname="tests.test_core" name="test_display_is_safe[\x1b]52;c;attack\x07]" time="0.001" /><testcase classname="tests.test_core" name="test_display_is_safe[x\u202ereverse]" time="0.000" /><testcase classname="tests.test_core" name="test_display_is_safe[\U0001f469\u200d\U0001f4bb]" time="0.000" /><testcase classname="tests.test_core" name="test_display_is_safe[\u0301]" time="0.000" /><testcase classname="tests.test_core" name="test_display_is_safe[x\x00\x9b31m]" time="0.000" /><testcase classname="tests.test_core" name="test_colour_styles_closed[truecolour]" time="0.000" /><testcase classname="tests.test_core" name="test_colour_styles_closed[256]" time="0.001" /><testcase classname="tests.test_core" name="test_colour_styles_closed[16]" time="0.000" /><testcase classname="tests.test_core" name="test_colour_styles_closed[mono]" time="0.000" /><testcase classname="tests.test_core" name="test_wide_overwrite_and_protection" time="0.000" /><testcase classname="tests.test_core" name="test_canvas_local_damage" time="0.000" /><testcase classname="tests.test_core" name="test_document_edit_fuzz" time="0.008" /><testcase classname="tests.test_core" name="test_document_undo_redo_and_dirty" time="0.000" /><testcase classname="tests.test_core" name="test_grapheme_edit_selection" time="0.000" /><testcase classname="tests.test_core" name="test_config_individual_fallback" time="0.002" /><testcase classname="tests.test_core" name="test_all_geometry_modes[flags0-size0]" time="0.001" /><testcase classname="tests.test_core" name="test_all_geometry_modes[flags0-size1]" time="0.001" /><testcase classname="tests.test_core" name="test_all_geometry_modes[flags0-size2]" time="0.001" /><testcase classname="tests.test_core" name="test_all_geometry_modes[flags0-size3]" time="0.001" /><testcase classname="tests.test_core" name="test_all_geometry_modes[flags0-size4]" time="0.001" /><testcase classname="tests.test_core" name="test_all_geometry_modes[flags0-size5]" time="0.001" /><testcase classname="tests.test_core" name="test_all_geometry_modes[flags0-size6]" time="0.001" /><testcase classname="tests.test_core" name="test_all_geometry_modes[flags1-size0]" time="0.001" /><testcase classname="tests.test_core" name="test_all_geometry_modes[flags1-size1]" time="0.001" /><testcase classname="tests.test_core" name="test_all_geometry_modes[flags1-size2]" time="0.001" /><testcase classname="tests.test_core" name="test_all_geometry_modes[flags1-size3]" time="0.001" /><testcase classname="tests.test_core" name="test_all_geometry_modes[flags1-size4]" time="0.001" /><testcase classname="tests.test_core" name="test_all_geometry_modes[flags1-size5]" time="0.001" /><testcase classname="tests.test_core" name="test_all_geometry_modes[flags1-size6]" time="0.001" /><testcase classname="tests.test_core" name="test_all_geometry_modes[flags2-size0]" time="0.001" /><testcase classname="tests.test_core" name="test_all_geometry_modes[flags2-size1]" time="0.001" /><testcase classname="tests.test_core" name="test_all_geometry_modes[flags2-size2]" time="0.001" /><testcase classname="tests.test_core" name="test_all_geometry_modes[flags2-size3]" time="0.001" /><testcase classname="tests.test_core" name="test_all_geometry_modes[flags2-size4]" time="0.001" /><testcase classname="tests.test_core" name="test_all_geometry_modes[flags2-size5]" time="0.001" /><testcase classname="tests.test_core" name="test_all_geometry_modes[flags2-size6]" time="0.001" /><testcase classname="tests.test_core" name="test_all_geometry_modes[flags3-size0]" time="0.001" /><testcase classname="tests.test_core" name="test_all_geometry_modes[flags3-size1]" time="0.001" /><testcase classname="tests.test_core" name="test_all_geometry_modes[flags3-size2]" time="0.001" /><testcase classname="tests.test_core" name="test_all_geometry_modes[flags3-size3]" time="0.001" /><testcase classname="tests.test_core" name="test_all_geometry_modes[flags3-size4]" time="0.002" /><testcase classname="tests.test_core" name="test_all_geometry_modes[flags3-size5]" time="0.001" /><testcase classname="tests.test_core" name="test_all_geometry_modes[flags3-size6]" time="0.001" /><testcase classname="tests.test_core" name="test_all_geometry_modes[flags4-size0]" time="0.001" /><testcase classname="tests.test_core" name="test_all_geometry_modes[flags4-size1]" time="0.001" /><testcase classname="tests.test_core" name="test_all_geometry_modes[flags4-size2]" time="0.001" /><testcase classname="tests.test_core" name="test_all_geometry_modes[flags4-size3]" time="0.001" /><testcase classname="tests.test_core" name="test_all_geometry_modes[flags4-size4]" time="0.001" /><testcase classname="tests.test_core" name="test_all_geometry_modes[flags4-size5]" time="0.001" /><testcase classname="tests.test_core" name="test_all_geometry_modes[flags4-size6]" time="0.002" /><testcase classname="tests.test_core" name="test_all_geometry_modes[flags5-size0]" time="0.002" /><testcase classname="tests.test_core" name="test_all_geometry_modes[flags5-size1]" time="0.001" /><testcase classname="tests.test_core" name="test_all_geometry_modes[flags5-size2]" time="0.001" /><testcase classname="tests.test_core" name="test_all_geometry_modes[flags5-size3]" time="0.001" /><testcase classname="tests.test_core" name="test_all_geometry_modes[flags5-size4]" time="0.001" /><testcase classname="tests.test_core" name="test_all_geometry_modes[flags5-size5]" time="0.001" /><testcase classname="tests.test_core" name="test_all_geometry_modes[flags5-size6]" time="0.001" /><testcase classname="tests.test_core" name="test_all_geometry_modes[flags6-size0]" time="0.002" /><testcase classname="tests.test_core" name="test_all_geometry_modes[flags6-size1]" time="0.001" /><testcase classname="tests.test_core" name="test_all_geometry_modes[flags6-size2]" time="0.002" /><testcase classname="tests.test_core" name="test_all_geometry_modes[flags6-size3]" time="0.001" /><testcase classname="tests.test_core" name="test_all_geometry_modes[flags6-size4]" time="0.001" /><testcase classname="tests.test_core" name="test_all_geometry_modes[flags6-size5]" time="0.002" /><testcase classname="tests.test_core" name="test_all_geometry_modes[flags6-size6]" time="0.001" /><testcase classname="tests.test_core" name="test_all_geometry_modes[flags7-size0]" time="0.001" /><testcase classname="tests.test_core" name="test_all_geometry_modes[flags7-size1]" time="0.001" /><testcase classname="tests.test_core" name="test_all_geometry_modes[flags7-size2]" time="0.001" /><testcase classname="tests.test_core" name="test_all_geometry_modes[flags7-size3]" time="0.001" /><testcase classname="tests.test_core" name="test_all_geometry_modes[flags7-size4]" time="0.001" /><testcase classname="tests.test_core" name="test_all_geometry_modes[flags7-size5]" time="0.001" /><testcase classname="tests.test_core" name="test_all_geometry_modes[flags7-size6]" time="0.001" /><testcase classname="tests.test_core" name="test_all_geometry_modes[flags8-size0]" time="0.002" /><testcase classname="tests.test_core" name="test_all_geometry_modes[flags8-size1]" time="0.001" /><testcase classname="tests.test_core" name="test_all_geometry_modes[flags8-size2]" time="0.001" /><testcase classname="tests.test_core" name="test_all_geometry_modes[flags8-size3]" time="0.001" /><testcase classname="tests.test_core" name="test_all_geometry_modes[flags8-size4]" time="0.001" /><testcase classname="tests.test_core" name="test_all_geometry_modes[flags8-size5]" time="0.001" /><testcase classname="tests.test_core" name="test_all_geometry_modes[flags8-size6]" time="0.001" /><testcase classname="tests.test_core" name="test_all_geometry_modes[flags9-size0]" time="0.001" /><testcase classname="tests.test_core" name="test_all_geometry_modes[flags9-size1]" time="0.001" /><testcase classname="tests.test_core" name="test_all_geometry_modes[flags9-size2]" time="0.001" /><testcase classname="tests.test_core" name="test_all_geometry_modes[flags9-size3]" time="0.001" /><testcase classname="tests.test_core" name="test_all_geometry_modes[flags9-size4]" time="0.001" /><testcase classname="tests.test_core" name="test_all_geometry_modes[flags9-size5]" time="0.001" /><testcase classname="tests.test_core" name="test_all_geometry_modes[flags9-size6]" time="0.002" /><testcase classname="tests.test_core" name="test_all_geometry_modes[flags10-size0]" time="0.002" /><testcase classname="tests.test_core" name="test_all_geometry_modes[flags10-size1]" time="0.001" /><testcase classname="tests.test_core" name="test_all_geometry_modes[flags10-size2]" time="0.001" /><testcase classname="tests.test_core" name="test_all_geometry_modes[flags10-size3]" time="0.002" /><testcase classname="tests.test_core" name="test_all_geometry_modes[flags10-size4]" time="0.001" /><testcase classname="tests.test_core" name="test_all_geometry_modes[flags10-size5]" time="0.001" /><testcase classname="tests.test_core" name="test_all_geometry_modes[flags10-size6]" time="0.001" /><testcase classname="tests.test_core" name="test_all_geometry_modes[flags11-size0]" time="0.001" /><testcase classname="tests.test_core" name="test_all_geometry_modes[flags11-size1]" time="0.001" /><testcase classname="tests.test_core" name="test_all_geometry_modes[flags11-size2]" time="0.001" /><testcase classname="tests.test_core" name="test_all_geometry_modes[flags11-size3]" time="0.001" /><testcase classname="tests.test_core" name="test_all_geometry_modes[flags11-size4]" time="0.002" /><testcase classname="tests.test_core" name="test_all_geometry_modes[flags11-size5]" time="0.001" /><testcase classname="tests.test_core" name="test_all_geometry_modes[flags11-size6]" time="0.001" /><testcase classname="tests.test_core" name="test_all_geometry_modes[flags12-size0]" time="0.001" /><testcase classname="tests.test_core" name="test_all_geometry_modes[flags12-size1]" time="0.001" /><testcase classname="tests.test_core" name="test_all_geometry_modes[flags12-size2]" time="0.001" /><testcase classname="tests.test_core" name="test_all_geometry_modes[flags12-size3]" time="0.001" /><testcase classname="tests.test_core" name="test_all_geometry_modes[flags12-size4]" time="0.001" /><testcase classname="tests.test_core" name="test_all_geometry_modes[flags12-size5]" time="0.001" /><testcase classname="tests.test_core" name="test_all_geometry_modes[flags12-size6]" time="0.001" /><testcase classname="tests.test_core" name="test_all_geometry_modes[flags13-size0]" time="0.001" /><testcase classname="tests.test_core" name="test_all_geometry_modes[flags13-size1]" time="0.001" /><testcase classname="tests.test_core" name="test_all_geometry_modes[flags13-size2]" time="0.001" /><testcase classname="tests.test_core" name="test_all_geometry_modes[flags13-size3]" time="0.001" /><testcase classname="tests.test_core" name="test_all_geometry_modes[flags13-size4]" time="0.003" /><testcase classname="tests.test_core" name="test_all_geometry_modes[flags13-size5]" time="0.002" /><testcase classname="tests.test_core" name="test_all_geometry_modes[flags13-size6]" time="0.001" /><testcase classname="tests.test_core" name="test_all_geometry_modes[flags14-size0]" time="0.001" /><testcase classname="tests.test_core" name="test_all_geometry_modes[flags14-size1]" time="0.001" /><testcase classname="tests.test_core" name="test_all_geometry_modes[flags14-size2]" time="0.001" /><testcase classname="tests.test_core" name="test_all_geometry_modes[flags14-size3]" time="0.001" /><testcase classname="tests.test_core" name="test_all_geometry_modes[flags14-size4]" time="0.001" /><testcase classname="tests.test_core" name="test_all_geometry_modes[flags14-size5]" time="0.001" /><testcase classname="tests.test_core" name="test_all_geometry_modes[flags14-size6]" time="0.001" /><testcase classname="tests.test_core" name="test_all_geometry_modes[flags15-size0]" time="0.001" /><testcase classname="tests.test_core" name="test_all_geometry_modes[flags15-size1]" time="0.001" /><testcase classname="tests.test_core" name="test_all_geometry_modes[flags15-size2]" time="0.001" /><testcase classname="tests.test_core" name="test_all_geometry_modes[flags15-size3]" time="0.001" /><testcase classname="tests.test_core" name="test_all_geometry_modes[flags15-size4]" time="0.001" /><testcase classname="tests.test_core" name="test_all_geometry_modes[flags15-size5]" time="0.001" /><testcase classname="tests.test_core" name="test_all_geometry_modes[flags15-size6]" time="0.002" /><testcase classname="tests.test_core" name="test_all_geometry_modes[flags16-size0]" time="0.001" /><testcase classname="tests.test_core" name="test_all_geometry_modes[flags16-size1]" time="0.004" /><testcase classname="tests.test_core" name="test_all_geometry_modes[flags16-size2]" time="0.004" /><testcase classname="tests.test_core" name="test_all_geometry_modes[flags16-size3]" time="0.002" /><testcase classname="tests.test_core" name="test_all_geometry_modes[flags16-size4]" time="0.002" /><testcase classname="tests.test_core" name="test_all_geometry_modes[flags16-size5]" time="0.002" /><testcase classname="tests.test_core" name="test_all_geometry_modes[flags16-size6]" time="0.001" /><testcase classname="tests.test_core" name="test_all_geometry_modes[flags17-size0]" time="0.001" /><testcase classname="tests.test_core" name="test_all_geometry_modes[flags17-size1]" time="0.002" /><testcase classname="tests.test_core" name="test_all_geometry_modes[flags17-size2]" time="0.004" /><testcase classname="tests.test_core" name="test_all_geometry_modes[flags17-size3]" time="0.001" /><testcase classname="tests.test_core" name="test_all_geometry_modes[flags17-size4]" time="0.002" /><testcase classname="tests.test_core" name="test_all_geometry_modes[flags17-size5]" time="0.001" /><testcase classname="tests.test_core" name="test_all_geometry_modes[flags17-size6]" time="0.001" /><testcase classname="tests.test_core" name="test_all_geometry_modes[flags18-size0]" time="0.001" /><testcase classname="tests.test_core" name="test_all_geometry_modes[flags18-size1]" time="0.001" /><testcase classname="tests.test_core" name="test_all_geometry_modes[flags18-size2]" time="0.002" /><testcase classname="tests.test_core" name="test_all_geometry_modes[flags18-size3]" time="0.001" /><testcase classname="tests.test_core" name="test_all_geometry_modes[flags18-size4]" time="0.001" /><testcase classname="tests.test_core" name="test_all_geometry_modes[flags18-size5]" time="0.001" /><testcase classname="tests.test_core" name="test_all_geometry_modes[flags18-size6]" time="0.001" /><testcase classname="tests.test_core" name="test_all_geometry_modes[flags19-size0]" time="0.001" /><testcase classname="tests.test_core" name="test_all_geometry_modes[flags19-size1]" time="0.001" /><testcase classname="tests.test_core" name="test_all_geometry_modes[flags19-size2]" time="0.001" /><testcase classname="tests.test_core" name="test_all_geometry_modes[flags19-size3]" time="0.001" /><testcase classname="tests.test_core" name="test_all_geometry_modes[flags19-size4]" time="0.001" /><testcase classname="tests.test_core" name="test_all_geometry_modes[flags19-size5]" time="0.001" /><testcase classname="tests.test_core" name="test_all_geometry_modes[flags19-size6]" time="0.001" /><testcase classname="tests.test_core" name="test_all_geometry_modes[flags20-size0]" time="0.001" /><testcase classname="tests.test_core" name="test_all_geometry_modes[flags20-size1]" time="0.001" /><testcase classname="tests.test_core" name="test_all_geometry_modes[flags20-size2]" time="0.001" /><testcase classname="tests.test_core" name="test_all_geometry_modes[flags20-size3]" time="0.001" /><testcase classname="tests.test_core" name="test_all_geometry_modes[flags20-size4]" time="0.001" /><testcase classname="tests.test_core" name="test_all_geometry_modes[flags20-size5]" time="0.001" /><testcase classname="tests.test_core" name="test_all_geometry_modes[flags20-size6]" time="0.001" /><testcase classname="tests.test_core" name="test_all_geometry_modes[flags21-size0]" time="0.002" /><testcase classname="tests.test_core" name="test_all_geometry_modes[flags21-size1]" time="0.001" /><testcase classname="tests.test_core" name="test_all_geometry_modes[flags21-size2]" time="0.001" /><testcase classname="tests.test_core" name="test_all_geometry_modes[flags21-size3]" time="0.001" /><testcase classname="tests.test_core" name="test_all_geometry_modes[flags21-size4]" time="0.001" /><testcase classname="tests.test_core" name="test_all_geometry_modes[flags21-size5]" time="0.001" /><testcase classname="tests.test_core" name="test_all_geometry_modes[flags21-size6]" time="0.001" /><testcase classname="tests.test_core" name="test_all_geometry_modes[flags22-size0]" time="0.001" /><testcase classname="tests.test_core" name="test_all_geometry_modes[flags22-size1]" time="0.001" /><testcase classname="tests.test_core" name="test_all_geometry_modes[flags22-size2]" time="0.001" /><testcase classname="tests.test_core" name="test_all_geometry_modes[flags22-size3]" time="0.001" /><testcase classname="tests.test_core" name="test_all_geometry_modes[flags22-size4]" time="0.001" /><testcase classname="tests.test_core" name="test_all_geometry_modes[flags22-size5]" time="0.002" /><testcase classname="tests.test_core" name="test_all_geometry_modes[flags22-size6]" time="0.001" /><testcase classname="tests.test_core" name="test_all_geometry_modes[flags23-size0]" time="0.001" /><testcase classname="tests.test_core" name="test_all_geometry_modes[flags23-size1]" time="0.001" /><testcase classname="tests.test_core" name="test_all_geometry_modes[flags23-size2]" time="0.001" /><testcase classname="tests.test_core" name="test_all_geometry_modes[flags23-size3]" time="0.001" /><testcase classname="tests.test_core" name="test_all_geometry_modes[flags23-size4]" time="0.001" /><testcase classname="tests.test_core" name="test_all_geometry_modes[flags23-size5]" time="0.001" /><testcase classname="tests.test_core" name="test_all_geometry_modes[flags23-size6]" time="0.001" /><testcase classname="tests.test_core" name="test_all_geometry_modes[flags24-size0]" time="0.001" /><testcase classname="tests.test_core" name="test_all_geometry_modes[flags24-size1]" time="0.001" /><testcase classname="tests.test_core" name="test_all_geometry_modes[flags24-size2]" time="0.001" /><testcase classname="tests.test_core" name="test_all_geometry_modes[flags24-size3]" time="0.002" /><testcase classname="tests.test_core" name="test_all_geometry_modes[flags24-size4]" time="0.001" /><testcase classname="tests.test_core" name="test_all_geometry_modes[flags24-size5]" time="0.002" /><testcase classname="tests.test_core" name="test_all_geometry_modes[flags24-size6]" time="0.001" /><testcase classname="tests.test_core" name="test_all_geometry_modes[flags25-size0]" time="0.001" /><testcase classname="tests.test_core" name="test_all_geometry_modes[flags25-size1]" time="0.001" /><testcase classname="tests.test_core" name="test_all_geometry_modes[flags25-size2]" time="0.001" /><testcase classname="tests.test_core" name="test_all_geometry_modes[flags25-size3]" time="0.001" /><testcase classname="tests.test_core" name="test_all_geometry_modes[flags25-size4]" time="0.001" /><testcase classname="tests.test_core" name="test_all_geometry_modes[flags25-size5]" time="0.001" /><testcase classname="tests.test_core" name="test_all_geometry_modes[flags25-size6]" time="0.001" /><testcase classname="tests.test_core" name="test_all_geometry_modes[flags26-size0]" time="0.001" /><testcase classname="tests.test_core" name="test_all_geometry_modes[flags26-size1]" time="0.001" /><testcase classname="tests.test_core" name="test_all_geometry_modes[flags26-size2]" time="0.001" /><testcase classname="tests.test_core" name="test_all_geometry_modes[flags26-size3]" time="0.001" /><testcase classname="tests.test_core" name="test_all_geometry_modes[flags26-size4]" time="0.002" /><testcase classname="tests.test_core" name="test_all_geometry_modes[flags26-size5]" time="0.001" /><testcase classname="tests.test_core" name="test_all_geometry_modes[flags26-size6]" time="0.002" /><testcase classname="tests.test_core" name="test_all_geometry_modes[flags27-size0]" time="0.001" /><testcase classname="tests.test_core" name="test_all_geometry_modes[flags27-size1]" time="0.001" /><testcase classname="tests.test_core" name="test_all_geometry_modes[flags27-size2]" time="0.001" /><testcase classname="tests.test_core" name="test_all_geometry_modes[flags27-size3]" time="0.001" /><testcase classname="tests.test_core" name="test_all_geometry_modes[flags27-size4]" time="0.001" /><testcase classname="tests.test_core" name="test_all_geometry_modes[flags27-size5]" time="0.001" /><testcase classname="tests.test_core" name="test_all_geometry_modes[flags27-size6]" time="0.001" /><testcase classname="tests.test_core" name="test_all_geometry_modes[flags28-size0]" time="0.001" /><testcase classname="tests.test_core" name="test_all_geometry_modes[flags28-size1]" time="0.001" /><testcase classname="tests.test_core" name="test_all_geometry_modes[flags28-size2]" time="0.001" /><testcase classname="tests.test_core" name="test_all_geometry_modes[flags28-size3]" time="0.002" /><testcase classname="tests.test_core" name="test_all_geometry_modes[flags28-size4]" time="0.001" /><testcase classname="tests.test_core" name="test_all_geometry_modes[flags28-size5]" time="0.001" /><testcase classname="tests.test_core" name="test_all_geometry_modes[flags28-size6]" time="0.001" /><testcase classname="tests.test_core" name="test_all_geometry_modes[flags29-size0]" time="0.001" /><testcase classname="tests.test_core" name="test_all_geometry_modes[flags29-size1]" time="0.001" /><testcase classname="tests.test_core" name="test_all_geometry_modes[flags29-size2]" time="0.001" /><testcase classname="tests.test_core" name="test_all_geometry_modes[flags29-size3]" time="0.001" /><testcase classname="tests.test_core" name="test_all_geometry_modes[flags29-size4]" time="0.001" /><testcase classname="tests.test_core" name="test_all_geometry_modes[flags29-size5]" time="0.002" /><testcase classname="tests.test_core" name="test_all_geometry_modes[flags29-size6]" time="0.001" /><testcase classname="tests.test_core" name="test_all_geometry_modes[flags30-size0]" time="0.001" /><testcase classname="tests.test_core" name="test_all_geometry_modes[flags30-size1]" time="0.001" /><testcase classname="tests.test_core" name="test_all_geometry_modes[flags30-size2]" time="0.001" /><testcase classname="tests.test_core" name="test_all_geometry_modes[flags30-size3]" time="0.001" /><testcase classname="tests.test_core" name="test_all_geometry_modes[flags30-size4]" time="0.001" /><testcase classname="tests.test_core" name="test_all_geometry_modes[flags30-size5]" time="0.001" /><testcase classname="tests.test_core" name="test_all_geometry_modes[flags30-size6]" time="0.001" /><testcase classname="tests.test_core" name="test_all_geometry_modes[flags31-size0]" time="0.001" /><testcase classname="tests.test_core" name="test_all_geometry_modes[flags31-size1]" time="0.001" /><testcase classname="tests.test_core" name="test_all_geometry_modes[flags31-size2]" time="0.002" /><testcase classname="tests.test_core" name="test_all_geometry_modes[flags31-size3]" time="0.001" /><testcase classname="tests.test_core" name="test_all_geometry_modes[flags31-size4]" time="0.001" /><testcase classname="tests.test_core" name="test_all_geometry_modes[flags31-size5]" time="0.001" /><testcase classname="tests.test_core" name="test_all_geometry_modes[flags31-size6]" time="0.002" /><testcase classname="tests.test_core" name="test_visibility_memories" time="0.061" /><testcase classname="tests.test_core" name="test_contents_and_compact_render" time="0.039" /><testcase classname="tests.test_core" name="test_binding_diagnostics" time="0.032" /><testcase classname="tests.test_core" name="test_move_to_snaps_inside_cluster" time="0.000" /><testcase classname="tests.test_files" name="test_atomic_save_and_conflict" time="0.004" /><testcase classname="tests.test_files" name="test_conflict_during_save" time="0.002" /><testcase classname="tests.test_files" name="test_newline_bom_roundtrip[a\r\nb\r\n]" time="0.002" /><testcase classname="tests.test_files" name="test_newline_bom_roundtrip[\xef\xbb\xbfa\nb\n]" time="0.002" /><testcase classname="tests.test_files" name="test_newline_bom_roundtrip[a\rb\r]" time="0.002" /><testcase classname="tests.test_files" name="test_root_protection[../escape.md]" time="0.001" /><testcase classname="tests.test_files" name="test_root_protection[.mdbm/recovery.json]" time="0.001" /><testcase classname="tests.test_files" name="test_root_protection[bad\x1bname.md]" time="0.001" /><testcase classname="tests.test_files" name="test_symlink_protection" time="0.001" /><testcase classname="tests.test_files" name="test_exact_move_and_no_overwrite" time="0.001" /><testcase classname="tests.test_files" name="test_trash_failure_never_deletes" time="0.001" /><testcase classname="tests.test_files" name="test_unsafe_links[javascript:alert(1)]" time="0.001" /><testcase classname="tests.test_files" name="test_unsafe_links[data:text/html,x]" time="0.001" /><testcase classname="tests.test_files" name="test_unsafe_links[file:///etc/passwd]" time="0.001" /><testcase classname="tests.test_files" name="test_unsafe_links[https://user:pass@example.org]" time="0.001" /><testcase classname="tests.test_files" name="test_unsafe_links[../escape.md]" time="0.001" /><testcase classname="tests.test_files" name="test_unsafe_links[x%1b.md]" time="0.001" /><testcase classname="tests.test_files" name="test_unsafe_links[//evil/path]" time="0.001" /><testcase classname="tests.test_files" name="test_unsafe_links[mailto:a@b?body=%0d%0aattack]" time="0.001" /><testcase classname="tests.test_files" name="test_safe_links" time="0.001" /><testcase classname="tests.test_files" name="test_recovery_fingerprint_integrity" time="0.034" /><testcase classname="tests.test_files" name="test_state_lock_and_corrupt_read" time="0.001" /><testcase classname="tests.test_files" name="test_script_arguments_and_allowlist" time="0.001" /><testcase classname="tests.test_files" name="test_script_output_sanitized_and_bounded" time="0.588" /><testcase classname="tests.test_files" name="test_script_cancellation" time="0.454" /><testcase classname="tests.test_files" name="test_rename_preserves_conflict_baseline[False]" time="0.034" /><testcase classname="tests.test_files" name="test_rename_preserves_conflict_baseline[True]" time="0.031" /><testcase classname="tests.test_files" name="test_change_root_preserves_custom_state_protection" time="0.029" /><testcase classname="tests.test_goldens" name="test_composed_cell_golden[restrained-monochrome-truecolour-40-12]" time="0.043" /><testcase classname="tests.test_goldens" name="test_composed_cell_golden[restrained-monochrome-truecolour-80-24]" time="0.036" /><testcase classname="tests.test_goldens" name="test_composed_cell_golden[restrained-monochrome-truecolour-120-40]" time="0.046" /><testcase classname="tests.test_goldens" name="test_composed_cell_golden[restrained-monochrome-truecolour-200-60]" time="0.072" /><testcase classname="tests.test_goldens" name="test_composed_cell_golden[restrained-monochrome-ansi256-40-12]" time="0.027" /><testcase classname="tests.test_goldens" name="test_composed_cell_golden[restrained-monochrome-ansi256-80-24]" time="0.034" /><testcase classname="tests.test_goldens" name="test_composed_cell_golden[restrained-monochrome-ansi256-120-40]" time="0.140" /><testcase classname="tests.test_goldens" name="test_composed_cell_golden[restrained-monochrome-ansi256-200-60]" time="0.078" /><testcase classname="tests.test_goldens" name="test_composed_cell_golden[restrained-monochrome-ansi16-40-12]" time="0.028" /><testcase classname="tests.test_goldens" name="test_composed_cell_golden[restrained-monochrome-ansi16-80-24]" time="0.036" /><testcase classname="tests.test_goldens" name="test_composed_cell_golden[restrained-monochrome-ansi16-120-40]" time="0.047" /><testcase classname="tests.test_goldens" name="test_composed_cell_golden[restrained-monochrome-ansi16-200-60]" time="0.071" /><testcase classname="tests.test_goldens" name="test_composed_cell_golden[restrained-monochrome-monochrome-40-12]" time="0.025" /><testcase classname="tests.test_goldens" name="test_composed_cell_golden[restrained-monochrome-monochrome-80-24]" time="0.034" /><testcase classname="tests.test_goldens" name="test_composed_cell_golden[restrained-monochrome-monochrome-120-40]" time="0.045" /><testcase classname="tests.test_goldens" name="test_composed_cell_golden[restrained-monochrome-monochrome-200-60]" time="0.071" /><testcase classname="tests.test_goldens" name="test_composed_cell_golden[restrained-monochrome-ascii-40-12]" time="0.027" /><testcase classname="tests.test_goldens" name="test_composed_cell_golden[restrained-monochrome-ascii-80-24]" time="0.039" /><testcase classname="tests.test_goldens" name="test_composed_cell_golden[restrained-monochrome-ascii-120-40]" time="0.049" /><testcase classname="tests.test_goldens" name="test_composed_cell_golden[restrained-monochrome-ascii-200-60]" time="0.080" /><testcase classname="tests.test_goldens" name="test_composed_cell_golden[restrained-monochrome-reduced-40-12]" time="0.026" /><testcase classname="tests.test_goldens" name="test_composed_cell_golden[restrained-monochrome-reduced-80-24]" time="0.035" /><testcase classname="tests.test_goldens" name="test_composed_cell_golden[restrained-monochrome-reduced-120-40]" time="0.045" /><testcase classname="tests.test_goldens" name="test_composed_cell_golden[restrained-monochrome-reduced-200-60]" time="0.071" /><testcase classname="tests.test_goldens" name="test_composed_cell_golden[restrained-monochrome-immersive-40-12]" time="0.024" /><testcase classname="tests.test_goldens" name="test_composed_cell_golden[restrained-monochrome-immersive-80-24]" time="0.033" /><testcase classname="tests.test_goldens" name="test_composed_cell_golden[restrained-monochrome-immersive-120-40]" time="0.042" /><testcase classname="tests.test_goldens" name="test_composed_cell_golden[restrained-monochrome-immersive-200-60]" time="0.053" /><testcase classname="tests.test_goldens" name="test_composed_cell_golden[restrained-monochrome-high-contrast-40-12]" time="0.025" /><testcase classname="tests.test_goldens" name="test_composed_cell_golden[restrained-monochrome-high-contrast-80-24]" time="0.036" /><testcase classname="tests.test_goldens" name="test_composed_cell_golden[restrained-monochrome-high-contrast-120-40]" time="0.052" /><testcase classname="tests.test_goldens" name="test_composed_cell_golden[restrained-monochrome-high-contrast-200-60]" time="0.176" /><testcase classname="tests.test_goldens" name="test_composed_cell_golden[neon-circuitry-truecolour-40-12]" time="0.026" /><testcase classname="tests.test_goldens" name="test_composed_cell_golden[neon-circuitry-truecolour-80-24]" time="0.036" /><testcase classname="tests.test_goldens" name="test_composed_cell_golden[neon-circuitry-truecolour-120-40]" time="0.051" /><testcase classname="tests.test_goldens" name="test_composed_cell_golden[neon-circuitry-truecolour-200-60]" time="0.086" /><testcase classname="tests.test_goldens" name="test_composed_cell_golden[neon-circuitry-ansi256-40-12]" time="0.027" /><testcase classname="tests.test_goldens" name="test_composed_cell_golden[neon-circuitry-ansi256-80-24]" time="0.037" /><testcase classname="tests.test_goldens" name="test_composed_cell_golden[neon-circuitry-ansi256-120-40]" time="0.052" /><testcase classname="tests.test_goldens" name="test_composed_cell_golden[neon-circuitry-ansi256-200-60]" time="0.086" /><testcase classname="tests.test_goldens" name="test_composed_cell_golden[neon-circuitry-ansi16-40-12]" time="0.026" /><testcase classname="tests.test_goldens" name="test_composed_cell_golden[neon-circuitry-ansi16-80-24]" time="0.040" /><testcase classname="tests.test_goldens" name="test_composed_cell_golden[neon-circuitry-ansi16-120-40]" time="0.052" /><testcase classname="tests.test_goldens" name="test_composed_cell_golden[neon-circuitry-ansi16-200-60]" time="0.083" /><testcase classname="tests.test_goldens" name="test_composed_cell_golden[neon-circuitry-monochrome-40-12]" time="0.025" /><testcase classname="tests.test_goldens" name="test_composed_cell_golden[neon-circuitry-monochrome-80-24]" time="0.034" /><testcase classname="tests.test_goldens" name="test_composed_cell_golden[neon-circuitry-monochrome-120-40]" time="0.048" /><testcase classname="tests.test_goldens" name="test_composed_cell_golden[neon-circuitry-monochrome-200-60]" time="0.072" /><testcase classname="tests.test_goldens" name="test_composed_cell_golden[neon-circuitry-ascii-40-12]" time="0.026" /><testcase classname="tests.test_goldens" name="test_composed_cell_golden[neon-circuitry-ascii-80-24]" time="0.044" /><testcase classname="tests.test_goldens" name="test_composed_cell_golden[neon-circuitry-ascii-120-40]" time="0.056" /><testcase classname="tests.test_goldens" name="test_composed_cell_golden[neon-circuitry-ascii-200-60]" time="0.088" /><testcase classname="tests.test_goldens" name="test_composed_cell_golden[neon-circuitry-reduced-40-12]" time="0.026" /><testcase classname="tests.test_goldens" name="test_composed_cell_golden[neon-circuitry-reduced-80-24]" time="0.039" /><testcase classname="tests.test_goldens" name="test_composed_cell_golden[neon-circuitry-reduced-120-40]" time="0.060" /><testcase classname="tests.test_goldens" name="test_composed_cell_golden[neon-circuitry-reduced-200-60]" time="0.087" /><testcase classname="tests.test_goldens" name="test_composed_cell_golden[neon-circuitry-immersive-40-12]" time="0.028" /><testcase classname="tests.test_goldens" name="test_composed_cell_golden[neon-circuitry-immersive-80-24]" time="0.042" /><testcase classname="tests.test_goldens" name="test_composed_cell_golden[neon-circuitry-immersive-120-40]" time="0.173" /><testcase classname="tests.test_goldens" name="test_composed_cell_golden[neon-circuitry-immersive-200-60]" time="0.091" /><testcase classname="tests.test_goldens" name="test_composed_cell_golden[neon-circuitry-high-contrast-40-12]" time="0.027" /><testcase classname="tests.test_goldens" name="test_composed_cell_golden[neon-circuitry-high-contrast-80-24]" time="0.036" /><testcase classname="tests.test_goldens" name="test_composed_cell_golden[neon-circuitry-high-contrast-120-40]" time="0.051" /><testcase classname="tests.test_goldens" name="test_composed_cell_golden[neon-circuitry-high-contrast-200-60]" time="0.081" /><testcase classname="tests.test_goldens" name="test_composed_cell_golden[dense-glitch-mosaic-truecolour-40-12]" time="0.025" /><testcase classname="tests.test_goldens" name="test_composed_cell_golden[dense-glitch-mosaic-truecolour-80-24]" time="0.043" /><testcase classname="tests.test_goldens" name="test_composed_cell_golden[dense-glitch-mosaic-truecolour-120-40]" time="0.065" /><testcase classname="tests.test_goldens" name="test_composed_cell_golden[dense-glitch-mosaic-truecolour-200-60]" time="0.104" /><testcase classname="tests.test_goldens" name="test_composed_cell_golden[dense-glitch-mosaic-ansi256-40-12]" time="0.027" /><testcase classname="tests.test_goldens" name="test_composed_cell_golden[dense-glitch-mosaic-ansi256-80-24]" time="0.043" /><testcase classname="tests.test_goldens" name="test_composed_cell_golden[dense-glitch-mosaic-ansi256-120-40]" time="0.068" /><testcase classname="tests.test_goldens" name="test_composed_cell_golden[dense-glitch-mosaic-ansi256-200-60]" time="0.132" /><testcase classname="tests.test_goldens" name="test_composed_cell_golden[dense-glitch-mosaic-ansi16-40-12]" time="0.036" /><testcase classname="tests.test_goldens" name="test_composed_cell_golden[dense-glitch-mosaic-ansi16-80-24]" time="0.043" /><testcase classname="tests.test_goldens" name="test_composed_cell_golden[dense-glitch-mosaic-ansi16-120-40]" time="0.067" /><testcase classname="tests.test_goldens" name="test_composed_cell_golden[dense-glitch-mosaic-ansi16-200-60]" time="0.103" /><testcase classname="tests.test_goldens" name="test_composed_cell_golden[dense-glitch-mosaic-monochrome-40-12]" time="0.025" /><testcase classname="tests.test_goldens" name="test_composed_cell_golden[dense-glitch-mosaic-monochrome-80-24]" time="0.039" /><testcase classname="tests.test_goldens" name="test_composed_cell_golden[dense-glitch-mosaic-monochrome-120-40]" time="0.064" /><testcase classname="tests.test_goldens" name="test_composed_cell_golden[dense-glitch-mosaic-monochrome-200-60]" time="0.099" /><testcase classname="tests.test_goldens" name="test_composed_cell_golden[dense-glitch-mosaic-ascii-40-12]" time="0.027" /><testcase classname="tests.test_goldens" name="test_composed_cell_golden[dense-glitch-mosaic-ascii-80-24]" time="0.052" /><testcase classname="tests.test_goldens" name="test_composed_cell_golden[dense-glitch-mosaic-ascii-120-40]" time="0.075" /><testcase classname="tests.test_goldens" name="test_composed_cell_golden[dense-glitch-mosaic-ascii-200-60]" time="0.246" /><testcase classname="tests.test_goldens" name="test_composed_cell_golden[dense-glitch-mosaic-reduced-40-12]" time="0.034" /><testcase classname="tests.test_goldens" name="test_composed_cell_golden[dense-glitch-mosaic-reduced-80-24]" time="0.044" /><testcase classname="tests.test_goldens" name="test_composed_cell_golden[dense-glitch-mosaic-reduced-120-40]" time="0.074" /><testcase classname="tests.test_goldens" name="test_composed_cell_golden[dense-glitch-mosaic-reduced-200-60]" time="0.118" /><testcase classname="tests.test_goldens" name="test_composed_cell_golden[dense-glitch-mosaic-immersive-40-12]" time="0.027" /><testcase classname="tests.test_goldens" name="test_composed_cell_golden[dense-glitch-mosaic-immersive-80-24]" time="0.044" /><testcase classname="tests.test_goldens" name="test_composed_cell_golden[dense-glitch-mosaic-immersive-120-40]" time="0.072" /><testcase classname="tests.test_goldens" name="test_composed_cell_golden[dense-glitch-mosaic-immersive-200-60]" time="0.122" /><testcase classname="tests.test_goldens" name="test_composed_cell_golden[dense-glitch-mosaic-high-contrast-40-12]" time="0.029" /><testcase classname="tests.test_goldens" name="test_composed_cell_golden[dense-glitch-mosaic-high-contrast-80-24]" time="0.050" /><testcase classname="tests.test_goldens" name="test_composed_cell_golden[dense-glitch-mosaic-high-contrast-120-40]" time="0.066" /><testcase classname="tests.test_goldens" name="test_composed_cell_golden[dense-glitch-mosaic-high-contrast-200-60]" time="0.108" /><testcase classname="tests.test_interactions" name="test_focus_and_land_in_single_click" time="0.036" /><testcase classname="tests.test_interactions" name="test_right_click_selection_preservation" time="0.039" /><testcase classname="tests.test_interactions" name="test_double_triple_click_and_drag_cancel" time="0.032" /><testcase classname="tests.test_interactions" name="test_divider_capture_rollback_commit[left-left_ratio]" time="0.049" /><testcase classname="tests.test_interactions" name="test_divider_capture_rollback_commit[left-view_ratio]" time="0.043" /><testcase classname="tests.test_interactions" name="test_divider_capture_rollback_commit[right-left_ratio]" time="0.045" /><testcase classname="tests.test_interactions" name="test_divider_capture_rollback_commit[right-view_ratio]" time="0.042" /><testcase classname="tests.test_interactions" name="test_outside_overlay_click_consumed" time="0.041" /><testcase classname="tests.test_interactions" name="test_overlay_buttons_are_direct_targets[menu.file]" time="0.046" /><testcase classname="tests.test_interactions" name="test_overlay_buttons_are_direct_targets[command.palette]" time="0.053" /><testcase classname="tests.test_interactions" name="test_overlay_buttons_are_direct_targets[theme.choose]" time="0.045" /><testcase classname="tests.test_interactions" name="test_overlay_buttons_are_direct_targets[file.open]" time="0.101" /><testcase classname="tests.test_interactions" name="test_overlay_buttons_are_direct_targets[help.shortcuts]" time="0.335" /><testcase classname="tests.test_interactions" name="test_overlay_buttons_are_direct_targets[edit.replace]" time="0.090" /><testcase classname="tests.test_interactions" name="test_menu_pointer_activation" time="0.037" /><testcase classname="tests.test_interactions" name="test_theme_preview_cancel_commit" time="0.053" /><testcase classname="tests.test_interactions" name="test_submenu_hover_does_not_move_keyboard_selection" time="0.047" /><testcase classname="tests.test_interactions" name="test_palette_filter_keyboard_activation" time="0.038" /><testcase classname="tests.test_interactions" name="test_dirty_quit_default_cancel" time="0.034" /><testcase classname="tests.test_interactions" name="test_preview_click_preserves_selection_and_rejects_stale" time="0.030" /><testcase classname="tests.test_interactions" name="test_tile_memories_mouse_scroll_and_blur" time="0.038" /><testcase classname="tests.test_interactions" name="test_drag_autoscroll" time="0.037" /><testcase classname="tests.test_interactions" name="test_vim_profile_and_bracketed_paste" time="0.031" /><testcase classname="tests.test_interactions" name="test_theme_preview_does_not_persist" time="0.030" /><testcase classname="tests.test_interactions" name="test_palette_cancels_old_modal_intent_and_preview" time="0.032" /><testcase classname="tests.test_interactions" name="test_preview_replaces_cached_links" time="0.033" /><testcase classname="tests.test_interactions" name="test_stale_contents_and_links_are_held" time="0.030" /><testcase classname="tests.test_markdown" name="test_markdown_extensions_and_maps" time="0.003" /><testcase classname="tests.test_markdown" name="test_preview_cell_width[1]" time="0.004" /><testcase classname="tests.test_markdown" name="test_preview_cell_width[2]" time="0.003" /><testcase classname="tests.test_markdown" name="test_preview_cell_width[10]" time="0.003" /><testcase classname="tests.test_markdown" name="test_preview_cell_width[40]" time="0.003" /><testcase classname="tests.test_markdown" name="test_preview_cell_width[80]" time="0.003" /><testcase classname="tests.test_markdown" name="test_stale_worker_results" time="0.043" /><testcase classname="tests.test_markdown" name="test_single_block_preview_limit" time="0.020" /><testcase classname="tests.test_markdown" name="test_wrap_internal_limit" time="0.017" /><testcase classname="tests.test_pty" name="test_pty_edit_save_exit_restores_modes" time="1.292" /><testcase classname="tests.test_pty" name="test_pty_mouse_click_focus_and_insertion" time="1.357" /><testcase classname="tests.test_pty" name="test_pty_dirty_exit_cancel_then_discard" time="1.377" /><testcase classname="tests.test_pty" name="test_pty_terminal_resize_and_focus_reports_do_not_edit" time="1.462" /><testcase classname="tests.test_theme" name="test_reference_themes[path0]" time="0.444" /><testcase classname="tests.test_theme" name="test_reference_themes[path1]" time="0.265" /><testcase classname="tests.test_theme" name="test_reference_themes[path2]" time="0.347" /><testcase classname="tests.test_theme" name="test_reference_themes[path3]" time="0.364" /><testcase classname="tests.test_theme" name="test_reference_themes[path4]" time="0.263" /><testcase classname="tests.test_theme" name="test_reference_themes[path5]" time="0.185" /><testcase classname="tests.test_theme" name="test_executable_and_unknown_fields_rejected[scripts]" time="0.001" /><testcase classname="tests.test_theme" name="test_executable_and_unknown_fields_rejected[commands]" time="0.001" /><testcase classname="tests.test_theme" name="test_executable_and_unknown_fields_rejected[shortcuts]" time="0.001" /><testcase classname="tests.test_theme" name="test_executable_and_unknown_fields_rejected[bindings]" time="0.001" /><testcase classname="tests.test_theme" name="test_executable_and_unknown_fields_rejected[python]" time="0.001" /><testcase classname="tests.test_theme" name="test_executable_and_unknown_fields_rejected[ansi]" time="0.001" /><testcase classname="tests.test_theme" name="test_executable_and_unknown_fields_rejected[unknown]" time="0.001" /><testcase classname="tests.test_theme" name="test_theme_unicode_injection[\x00]" time="0.000" /><testcase classname="tests.test_theme" name="test_theme_unicode_injection[\x1b]" time="0.000" /><testcase classname="tests.test_theme" name="test_theme_unicode_injection[\x07]" time="0.000" /><testcase classname="tests.test_theme" name="test_theme_unicode_injection[\x9b]" time="0.000" /><testcase classname="tests.test_theme" name="test_theme_unicode_injection[\u202e]" time="0.000" /><testcase classname="tests.test_theme" name="test_theme_unicode_injection[\u2066]" time="0.000" /><testcase classname="tests.test_theme" name="test_theme_unicode_injection[\ud800]" time="0.000" /><testcase classname="tests.test_theme" name="test_theme_unicode_injection[\u200d]" time="0.000" /><testcase classname="tests.test_theme" name="test_malformed_shapes_are_theme_errors[42-glyphs]" time="0.001" /><testcase classname="tests.test_theme" name="test_malformed_shapes_are_theme_errors[42-art]" time="0.001" /><testcase classname="tests.test_theme" name="test_malformed_shapes_are_theme_errors[42-patterns]" time="0.001" /><testcase classname="tests.test_theme" name="test_malformed_shapes_are_theme_errors[42-motifs]" time="0.001" /><testcase classname="tests.test_theme" name="test_malformed_shapes_are_theme_errors[42-masks]" time="0.001" /><testcase classname="tests.test_theme" name="test_malformed_shapes_are_theme_errors[42-styles]" time="0.001" /><testcase classname="tests.test_theme" name="test_malformed_shapes_are_theme_errors[42-palette]" time="0.001" /><testcase classname="tests.test_theme" name="test_malformed_shapes_are_theme_errors[42-ramps]" time="0.001" /><testcase classname="tests.test_theme" name="test_malformed_shapes_are_theme_errors[42-geometry]" time="0.001" /><testcase classname="tests.test_theme" name="test_malformed_shapes_are_theme_errors[42-layers]" time="0.001" /><testcase classname="tests.test_theme" name="test_malformed_shapes_are_theme_errors[42-rules]" time="0.001" /><testcase classname="tests.test_theme" name="test_malformed_shapes_are_theme_errors[42-animations]" time="0.001" /><testcase classname="tests.test_theme" name="test_malformed_shapes_are_theme_errors[42-variants]" time="0.001" /><testcase classname="tests.test_theme" name="test_malformed_shapes_are_theme_errors[42-fallbacks]" time="0.001" /><testcase classname="tests.test_theme" name="test_malformed_shapes_are_theme_errors[bad-glyphs]" time="0.001" /><testcase classname="tests.test_theme" name="test_malformed_shapes_are_theme_errors[bad-art]" time="0.001" /><testcase classname="tests.test_theme" name="test_malformed_shapes_are_theme_errors[bad-patterns]" time="0.001" /><testcase classname="tests.test_theme" name="test_malformed_shapes_are_theme_errors[bad-motifs]" time="0.001" /><testcase classname="tests.test_theme" name="test_malformed_shapes_are_theme_errors[bad-masks]" time="0.001" /><testcase classname="tests.test_theme" name="test_malformed_shapes_are_theme_errors[bad-styles]" time="0.001" /><testcase classname="tests.test_theme" name="test_malformed_shapes_are_theme_errors[bad-palette]" time="0.001" /><testcase classname="tests.test_theme" name="test_malformed_shapes_are_theme_errors[bad-ramps]" time="0.001" /><testcase classname="tests.test_theme" name="test_malformed_shapes_are_theme_errors[bad-geometry]" time="0.001" /><testcase classname="tests.test_theme" name="test_malformed_shapes_are_theme_errors[bad-layers]" time="0.001" /><testcase classname="tests.test_theme" name="test_malformed_shapes_are_theme_errors[bad-rules]" time="0.001" /><testcase classname="tests.test_theme" name="test_malformed_shapes_are_theme_errors[bad-animations]" time="0.001" /><testcase classname="tests.test_theme" name="test_malformed_shapes_are_theme_errors[bad-variants]" time="0.002" /><testcase classname="tests.test_theme" name="test_malformed_shapes_are_theme_errors[bad-fallbacks]" time="0.001" /><testcase classname="tests.test_theme" name="test_malformed_shapes_are_theme_errors[None-glyphs]" time="0.001" /><testcase classname="tests.test_theme" name="test_malformed_shapes_are_theme_errors[None-art]" time="0.001" /><testcase classname="tests.test_theme" name="test_malformed_shapes_are_theme_errors[None-patterns]" time="0.002" /><testcase classname="tests.test_theme" name="test_malformed_shapes_are_theme_errors[None-motifs]" time="0.001" /><testcase classname="tests.test_theme" name="test_malformed_shapes_are_theme_errors[None-masks]" time="0.001" /><testcase classname="tests.test_theme" name="test_malformed_shapes_are_theme_errors[None-styles]" time="0.001" /><testcase classname="tests.test_theme" name="test_malformed_shapes_are_theme_errors[None-palette]" time="0.000" /><testcase classname="tests.test_theme" name="test_malformed_shapes_are_theme_errors[None-ramps]" time="0.001" /><testcase classname="tests.test_theme" name="test_malformed_shapes_are_theme_errors[None-geometry]" time="0.001" /><testcase classname="tests.test_theme" name="test_malformed_shapes_are_theme_errors[None-layers]" time="0.001" /><testcase classname="tests.test_theme" name="test_malformed_shapes_are_theme_errors[None-rules]" time="0.001" /><testcase classname="tests.test_theme" name="test_malformed_shapes_are_theme_errors[None-animations]" time="0.001" /><testcase classname="tests.test_theme" name="test_malformed_shapes_are_theme_errors[None-variants]" time="0.001" /><testcase classname="tests.test_theme" name="test_malformed_shapes_are_theme_errors[None-fallbacks]" time="0.001" /><testcase classname="tests.test_theme" name="test_malformed_shapes_are_theme_errors[True-glyphs]" time="0.001" /><testcase classname="tests.test_theme" name="test_malformed_shapes_are_theme_errors[True-art]" time="0.001" /><testcase classname="tests.test_theme" name="test_malformed_shapes_are_theme_errors[True-patterns]" time="0.001" /><testcase classname="tests.test_theme" name="test_malformed_shapes_are_theme_errors[True-motifs]" time="0.001" /><testcase classname="tests.test_theme" name="test_malformed_shapes_are_theme_errors[True-masks]" time="0.002" /><testcase classname="tests.test_theme" name="test_malformed_shapes_are_theme_errors[True-styles]" time="0.001" /><testcase classname="tests.test_theme" name="test_malformed_shapes_are_theme_errors[True-palette]" time="0.001" /><testcase classname="tests.test_theme" name="test_malformed_shapes_are_theme_errors[True-ramps]" time="0.001" /><testcase classname="tests.test_theme" name="test_malformed_shapes_are_theme_errors[True-geometry]" time="0.001" /><testcase classname="tests.test_theme" name="test_malformed_shapes_are_theme_errors[True-layers]" time="0.001" /><testcase classname="tests.test_theme" name="test_malformed_shapes_are_theme_errors[True-rules]" time="0.001" /><testcase classname="tests.test_theme" name="test_malformed_shapes_are_theme_errors[True-animations]" time="0.001" /><testcase classname="tests.test_theme" name="test_malformed_shapes_are_theme_errors[True-variants]" time="0.002" /><testcase classname="tests.test_theme" name="test_malformed_shapes_are_theme_errors[True-fallbacks]" time="0.001" /><testcase classname="tests.test_theme" name="test_cycles_and_legacy" time="0.002" /><testcase classname="tests.test_theme" name="test_resource_limits" time="0.005" /><testcase classname="tests.test_theme" name="test_pattern_determinism[bands]" time="0.002" /><testcase classname="tests.test_theme" name="test_pattern_determinism[brackets]" time="0.002" /><testcase classname="tests.test_theme" name="test_pattern_determinism[checker]" time="0.002" /><testcase classname="tests.test_theme" name="test_pattern_determinism[colour-channel-offset]" time="0.002" /><testcase classname="tests.test_theme" name="test_pattern_determinism[connectors]" time="0.002" /><testcase classname="tests.test_theme" name="test_pattern_determinism[dither]" time="0.002" /><testcase classname="tests.test_theme" name="test_pattern_determinism[dropout]" time="0.002" /><testcase classname="tests.test_theme" name="test_pattern_determinism[fragmentation]" time="0.002" /><testcase classname="tests.test_theme" name="test_pattern_determinism[grid]" time="0.002" /><testcase classname="tests.test_theme" name="test_pattern_determinism[hatch]" time="0.002" /><testcase classname="tests.test_theme" name="test_pattern_determinism[ladders]" time="0.002" /><testcase classname="tests.test_theme" name="test_pattern_determinism[noise]" time="0.002" /><testcase classname="tests.test_theme" name="test_pattern_determinism[rails]" time="0.003" /><testcase classname="tests.test_theme" name="test_pattern_determinism[scanline]" time="0.002" /><testcase classname="tests.test_theme" name="test_pattern_determinism[scatter]" time="0.003" /><testcase classname="tests.test_theme" name="test_pattern_determinism[slice-displacement]" time="0.003" /><testcase classname="tests.test_theme" name="test_pattern_determinism[stepped-path]" time="0.002" /><testcase classname="tests.test_theme" name="test_pattern_determinism[stripe]" time="0.002" /><testcase classname="tests.test_theme" name="test_pattern_determinism[tile]" time="0.002" /><testcase classname="tests.test_theme" name="test_pattern_determinism[vignette]" time="0.002" /><testcase classname="tests.test_theme" name="test_art_grid_rle_transform" time="0.001" /><testcase classname="tests.test_theme" name="test_motion_and_safe_context" time="0.001" /><testcase classname="tests.test_theme" name="test_spatial_tracks_use_theme_frame_cadence_but_flash_tracks_stay_capped" time="0.002" /><testcase classname="tests.test_theme" name="test_new_animated_reference_themes_change_and_reduced_motion_freezes" time="0.182" /><testcase classname="tests.test_theme" name="test_event_burst_is_finite_and_cue_scoped" time="0.005" /></testsuite></testsuites>